<?xml version="1.0" encoding="UTF-8"?>
<testsuite xmlns:xsi="http://www.w3.org/2001/XMLSchema-instance" xsi:noNamespaceSchemaLocation="https://maven.apache.org/surefire/maven-surefire-plugin/xsd/surefire-test-report.xsd" version="3.0.2" name="com.example.working.WorkingApplicationTests" time="5.475" tests="1" errors="0" skipped="0" failures="0">
  <properties>
[...]
</properties>
  <testcase name="contextLoads" classname="com.example.working.WorkingApplicationTests" time="1.288">
    <system-out><![CDATA[08:09:07.035 [main] INFO org.springframework.test.context.support.AnnotationConfigContextLoaderUtils -- Could not detect default configuration classes for test class [com.example.working.WorkingApplicationTests]: WorkingApplicationTests does not declare any static, non-private, non-final, nested classes annotated with @Configuration.
08:09:07.259 [main] INFO org.springframework.boot.test.context.SpringBootTestContextBootstrapper -- Found @SpringBootConfiguration com.example.working.WorkingApplication for test class com.example.working.WorkingApplicationTests
08:09:07.552 [main] INFO org.springframework.boot.devtools.restart.RestartApplicationListener -- Restart disabled due to context in which it is running

  .   ____          _            __ _ _
 /\\ / ___'_ __ _ _(_)_ __  __ _ \ \ \ \
( ( )\___ | '_ | '_| | '_ \/ _` | \ \ \ \
 \\/  ___)| |_)| | | | | || (_| |  ) ) ) )
  '  |____| .__|_| |_|_| |_\__, | / / / /
 =========|_|==============|___/=/_/_/_/

 :: Spring Boot ::                (v3.4.1)

2025-01-09T08:09:08.103Z  INFO 4327 --- [working] [           main] c.e.working.WorkingApplicationTests      : Starting WorkingApplicationTests using Java 17.0.13 with PID 4327 (started by ec2-user in /home/ec2-user/Hellorepo/working)
2025-01-09T08:09:08.105Z  INFO 4327 --- [working] [           main] c.e.working.WorkingApplicationTests      : No active profile set, falling back to 1 default profile: "default"
2025-01-09T08:09:09.923Z  INFO 4327 --- [working] [           main] o.s.b.a.w.s.WelcomePageHandlerMapping    : Adding welcome page: class path resource [static/index.html]
2025-01-09T08:09:10.666Z  WARN 4327 --- [working] [           main] ion$DefaultTemplateResolverConfiguration : Cannot find template location: classpath:/templates/ (please add some templates, check your Thymeleaf configuration, or set spring.thymeleaf.check-template-location=false)
2025-01-09T08:09:10.833Z  INFO 4327 --- [working] [           main] c.e.working.WorkingApplicationTests      : Started WorkingApplicationTests in 3.304 seconds (process running for 5.25)
]]></system-out>
  </testcase>
</testsuite>